<?xml version="1.0" encoding="UTF-8"?>
<testsuite name="baseline.Solution41Test" tests="1" skipped="0" failures="0" errors="0" timestamp="2021-10-16T17:16:25" hostname="EMS-THINKPAD" time="0.032">
  <properties/>
  <testcase name="test_arraylist_sorter()" classname="baseline.Solution41Test" time="0.032"/>
  <system-out><![CDATA[]]></system-out>
  <system-err><![CDATA[]]></system-err>
</testsuite>
