<?xml version="1.0" encoding="UTF-8"?>
<testsuite name="baseline.Solution46Test" tests="2" skipped="0" failures="0" errors="0" timestamp="2021-10-18T02:05:34" hostname="EMS-THINKPAD" time="0.031">
  <properties/>
  <testcase name="test_data_parser()" classname="baseline.Solution46Test" time="0.025"/>
  <testcase name="test_histogram_creator()" classname="baseline.Solution46Test" time="0.004"/>
  <system-out><![CDATA[]]></system-out>
  <system-err><![CDATA[]]></system-err>
</testsuite>
