<?xml version="1.0" encoding="UTF-8"?>
<testsuite name="baseline.Solution43Test" tests="1" skipped="0" failures="0" errors="0" timestamp="2021-10-18T03:53:42" hostname="EMS-THINKPAD" time="0.025">
  <properties/>
  <testcase name="test_data_parser()" classname="baseline.Solution43Test" time="0.025"/>
  <system-out><![CDATA[]]></system-out>
  <system-err><![CDATA[]]></system-err>
</testsuite>
